{"/home/travis/build/jsau-/redux-vita/src/Vita.ts": {"path":"/home/travis/build/jsau-/redux-vita/src/Vita.ts","statementMap":{"0":{"start":{"line":2,"column":0},"end":{"line":2,"column":56}},"1":{"start":{"line":5,"column":0},"end":{"line":5,"column":13}},"2":{"start":{"line":14,"column":14},"end":{"line":14,"column":null}},"3":{"start":{"line":15,"column":4},"end":{"line":15,"column":51}},"4":{"start":{"line":17,"column":4},"end":{"line":17,"column":36}},"5":{"start":{"line":18,"column":4},"end":{"line":18,"column":38}},"6":{"start":{"line":20,"column":4},"end":{"line":20,"column":41}},"7":{"start":{"line":21,"column":4},"end":{"line":21,"column":73}},"8":{"start":{"line":22,"column":4},"end":{"line":22,"column":61}},"9":{"start":{"line":23,"column":4},"end":{"line":23,"column":41}},"10":{"start":{"line":24,"column":4},"end":{"line":24,"column":57}},"11":{"start":{"line":25,"column":4},"end":{"line":25,"column":59}},"12":{"start":{"line":26,"column":4},"end":{"line":26,"column":55}},"13":{"start":{"line":27,"column":4},"end":{"line":27,"column":61}},"14":{"start":{"line":28,"column":4},"end":{"line":28,"column":63}},"15":{"start":{"line":29,"column":4},"end":{"line":29,"column":59}},"16":{"start":{"line":41,"column":9},"end":{"line":54,"column":null}},"17":{"start":{"line":43,"column":4},"end":{"line":43,"column":31}},"18":{"start":{"line":45,"column":26},"end":{"line":45,"column":61}},"19":{"start":{"line":47,"column":4},"end":{"line":51,"column":null}},"20":{"start":{"line":48,"column":6},"end":{"line":50,"column":8}},"21":{"start":{"line":53,"column":4},"end":{"line":53,"column":47}},"22":{"start":{"line":61,"column":9},"end":{"line":64,"column":null}},"23":{"start":{"line":62,"column":4},"end":{"line":62,"column":32}},"24":{"start":{"line":63,"column":4},"end":{"line":63,"column":16}},"25":{"start":{"line":71,"column":9},"end":{"line":74,"column":null}},"26":{"start":{"line":72,"column":4},"end":{"line":72,"column":34}},"27":{"start":{"line":73,"column":4},"end":{"line":73,"column":16}},"28":{"start":{"line":83,"column":9},"end":{"line":103,"column":null}},"29":{"start":{"line":91,"column":25},"end":{"line":91,"column":72}},"30":{"start":{"line":93,"column":12},"end":{"line":93,"column":16}},"31":{"start":{"line":95,"column":29},"end":{"line":95,"column":60}},"32":{"start":{"line":98,"column":4},"end":{"line":100,"column":null}},"33":{"start":{"line":99,"column":6},"end":{"line":99,"column":26}},"34":{"start":{"line":102,"column":4},"end":{"line":102,"column":50}},"35":{"start":{"line":114,"column":9},"end":{"line":120,"column":null}},"36":{"start":{"line":116,"column":6},"end":{"line":116,"column":52}},"37":{"start":{"line":118,"column":4},"end":{"line":118,"column":63}},"38":{"start":{"line":119,"column":4},"end":{"line":119,"column":16}},"39":{"start":{"line":132,"column":9},"end":{"line":135,"column":null}},"40":{"start":{"line":133,"column":4},"end":{"line":133,"column":51}},"41":{"start":{"line":134,"column":4},"end":{"line":134,"column":16}},"42":{"start":{"line":148,"column":9},"end":{"line":156,"column":null}},"43":{"start":{"line":153,"column":4},"end":{"line":153,"column":51}},"44":{"start":{"line":154,"column":4},"end":{"line":154,"column":46}},"45":{"start":{"line":155,"column":4},"end":{"line":155,"column":16}},"46":{"start":{"line":165,"column":9},"end":{"line":168,"column":null}},"47":{"start":{"line":166,"column":4},"end":{"line":166,"column":43}},"48":{"start":{"line":167,"column":4},"end":{"line":167,"column":16}},"49":{"start":{"line":177,"column":9},"end":{"line":180,"column":null}},"50":{"start":{"line":178,"column":4},"end":{"line":178,"column":45}},"51":{"start":{"line":179,"column":4},"end":{"line":179,"column":16}},"52":{"start":{"line":188,"column":9},"end":{"line":192,"column":null}},"53":{"start":{"line":189,"column":4},"end":{"line":189,"column":38}},"54":{"start":{"line":190,"column":4},"end":{"line":190,"column":39}},"55":{"start":{"line":191,"column":4},"end":{"line":191,"column":16}},"56":{"start":{"line":193,"column":0},"end":{"line":193,"column":null}},"57":{"start":{"line":5,"column":13},"end":{"line":5,"column":17}}},"fnMap":{"0":{"name":"(anonymous_0)","decl":{"start":{"line":5,"column":0},"end":{"line":5,"column":13}},"loc":{"start":{"line":5,"column":0},"end":{"line":193,"column":null}}},"1":{"name":"Vita","decl":{"start":{"line":14,"column":2},"end":{"line":14,"column":14}},"loc":{"start":{"line":14,"column":46},"end":{"line":30,"column":3}}},"2":{"name":"(anonymous_2)","decl":{"start":{"line":41,"column":2},"end":{"line":41,"column":9}},"loc":{"start":{"line":42,"column":20},"end":{"line":54,"column":3}}},"3":{"name":"(anonymous_3)","decl":{"start":{"line":61,"column":2},"end":{"line":61,"column":9}},"loc":{"start":{"line":61,"column":2},"end":{"line":64,"column":3}}},"4":{"name":"(anonymous_4)","decl":{"start":{"line":71,"column":2},"end":{"line":71,"column":9}},"loc":{"start":{"line":71,"column":2},"end":{"line":74,"column":3}}},"5":{"name":"(anonymous_5)","decl":{"start":{"line":83,"column":2},"end":{"line":83,"column":9}},"loc":{"start":{"line":89,"column":44},"end":{"line":103,"column":3}}},"6":{"name":"(anonymous_6)","decl":{"start":{"line":114,"column":2},"end":{"line":114,"column":9}},"loc":{"start":{"line":114,"column":68},"end":{"line":120,"column":3}}},"7":{"name":"(anonymous_7)","decl":{"start":{"line":132,"column":2},"end":{"line":132,"column":9}},"loc":{"start":{"line":132,"column":62},"end":{"line":135,"column":3}}},"8":{"name":"(anonymous_8)","decl":{"start":{"line":148,"column":2},"end":{"line":148,"column":9}},"loc":{"start":{"line":151,"column":28},"end":{"line":156,"column":3}}},"9":{"name":"(anonymous_9)","decl":{"start":{"line":165,"column":2},"end":{"line":165,"column":9}},"loc":{"start":{"line":165,"column":44},"end":{"line":168,"column":3}}},"10":{"name":"(anonymous_10)","decl":{"start":{"line":177,"column":2},"end":{"line":177,"column":9}},"loc":{"start":{"line":177,"column":45},"end":{"line":180,"column":3}}},"11":{"name":"(anonymous_11)","decl":{"start":{"line":188,"column":2},"end":{"line":188,"column":9}},"loc":{"start":{"line":188,"column":43},"end":{"line":192,"column":3}}}},"branchMap":{"0":{"loc":{"start":{"line":14,"column":14},"end":{"line":14,"column":null}},"type":"if","locations":[{"start":{"line":14,"column":14},"end":{"line":14,"column":null}},{"start":{"line":14,"column":14},"end":{"line":14,"column":null}}]},"1":{"loc":{"start":{"line":47,"column":4},"end":{"line":51,"column":null}},"type":"if","locations":[{"start":{"line":47,"column":4},"end":{"line":51,"column":null}},{"start":{"line":47,"column":4},"end":{"line":51,"column":null}}]},"2":{"loc":{"start":{"line":91,"column":25},"end":{"line":91,"column":44}},"type":"cond-expr","locations":[{"start":{"line":91,"column":25},"end":{"line":91,"column":44}},{"start":{"line":91,"column":48},"end":{"line":91,"column":72}}]},"3":{"loc":{"start":{"line":91,"column":25},"end":{"line":91,"column":48}},"type":"binary-expr","locations":[{"start":{"line":91,"column":25},"end":{"line":91,"column":48}},{"start":{"line":91,"column":25},"end":{"line":91,"column":48}}]},"4":{"loc":{"start":{"line":98,"column":4},"end":{"line":100,"column":null}},"type":"if","locations":[{"start":{"line":98,"column":4},"end":{"line":100,"column":null}},{"start":{"line":98,"column":4},"end":{"line":100,"column":null}}]},"5":{"loc":{"start":{"line":116,"column":6},"end":{"line":116,"column":19}},"type":"cond-expr","locations":[{"start":{"line":116,"column":6},"end":{"line":116,"column":19}},{"start":{"line":116,"column":23},"end":{"line":116,"column":52}}]},"6":{"loc":{"start":{"line":116,"column":6},"end":{"line":116,"column":23}},"type":"binary-expr","locations":[{"start":{"line":116,"column":6},"end":{"line":116,"column":23}},{"start":{"line":116,"column":6},"end":{"line":116,"column":23}}]}},"s":{"0":1,"1":1,"2":47,"3":25,"4":25,"5":25,"6":25,"7":25,"8":25,"9":25,"10":25,"11":25,"12":25,"13":25,"14":25,"15":25,"16":1,"17":8,"18":3,"19":3,"20":1,"21":2,"22":1,"23":1,"24":1,"25":1,"26":1,"27":1,"28":1,"29":4,"30":4,"31":4,"32":4,"33":3,"34":1,"35":1,"36":12,"37":12,"38":12,"39":1,"40":10,"41":10,"42":1,"43":4,"44":4,"45":4,"46":1,"47":5,"48":5,"49":1,"50":5,"51":5,"52":1,"53":2,"54":2,"55":2,"56":1,"57":1},"f":{"0":1,"1":25,"2":3,"3":1,"4":1,"5":4,"6":12,"7":10,"8":4,"9":5,"10":5,"11":2},"b":{"0":[22,3],"1":[1,2],"2":[2,2],"3":[4,4],"4":[3,1],"5":[9,3],"6":[12,12]}}
,"/home/travis/build/jsau-/redux-vita/src/makeActionCreator.ts": {"path":"/home/travis/build/jsau-/redux-vita/src/makeActionCreator.ts","statementMap":{"0":{"start":{"line":1,"column":0},"end":{"line":1,"column":37}},"1":{"start":{"line":20,"column":2},"end":{"line":22,"column":null}},"2":{"start":{"line":21,"column":4},"end":{"line":21,"column":47}},"3":{"start":{"line":24,"column":2},"end":{"line":35,"column":4}},"4":{"start":{"line":24,"column":10},"end":{"line":24,"column":23}},"5":{"start":{"line":25,"column":31},"end":{"line":25,"column":33}},"6":{"start":{"line":27,"column":4},"end":{"line":29,"column":null}},"7":{"start":{"line":28,"column":6},"end":{"line":28,"column":54}},"8":{"start":{"line":31,"column":4},"end":{"line":33,"column":null}},"9":{"start":{"line":11,"column":0},"end":{"line":11,"column":16}}},"fnMap":{"0":{"name":"makeActionCreator","decl":{"start":{"line":11,"column":16},"end":{"line":11,"column":33}},"loc":{"start":{"line":14,"column":67},"end":{"line":36,"column":1}}},"1":{"name":"(anonymous_4)","decl":{"start":{"line":24,"column":9},"end":{"line":24,"column":10}},"loc":{"start":{"line":24,"column":9},"end":{"line":35,"column":3}}}},"branchMap":{"0":{"loc":{"start":{"line":20,"column":2},"end":{"line":22,"column":null}},"type":"if","locations":[{"start":{"line":20,"column":2},"end":{"line":22,"column":null}},{"start":{"line":20,"column":2},"end":{"line":22,"column":null}}]},"1":{"loc":{"start":{"line":27,"column":4},"end":{"line":29,"column":null}},"type":"if","locations":[{"start":{"line":27,"column":4},"end":{"line":29,"column":null}},{"start":{"line":27,"column":4},"end":{"line":29,"column":null}}]}},"s":{"0":2,"1":3,"2":1,"3":2,"4":6,"5":2,"6":2,"7":1,"8":2,"9":2},"f":{"0":3,"1":2},"b":{"0":[1,2],"1":[1,1]}}
,"/home/travis/build/jsau-/redux-vita/src/reducerDecrementField.ts": {"path":"/home/travis/build/jsau-/redux-vita/src/reducerDecrementField.ts","statementMap":{"0":{"start":{"line":1,"column":0},"end":{"line":1,"column":29}},"1":{"start":{"line":17,"column":2},"end":{"line":22,"column":null}},"2":{"start":{"line":18,"column":4},"end":{"line":21,"column":6}},"3":{"start":{"line":24,"column":21},"end":{"line":24,"column":44}},"4":{"start":{"line":26,"column":2},"end":{"line":31,"column":null}},"5":{"start":{"line":27,"column":4},"end":{"line":30,"column":6}},"6":{"start":{"line":33,"column":2},"end":{"line":35,"column":null}},"7":{"start":{"line":13,"column":0},"end":{"line":13,"column":16}}},"fnMap":{"0":{"name":"reducerDecrementField","decl":{"start":{"line":13,"column":16},"end":{"line":13,"column":37}},"loc":{"start":{"line":15,"column":19},"end":{"line":37,"column":1}}}},"branchMap":{"0":{"loc":{"start":{"line":17,"column":2},"end":{"line":22,"column":null}},"type":"if","locations":[{"start":{"line":17,"column":2},"end":{"line":22,"column":null}},{"start":{"line":17,"column":2},"end":{"line":22,"column":null}}]},"1":{"loc":{"start":{"line":26,"column":2},"end":{"line":31,"column":null}},"type":"if","locations":[{"start":{"line":26,"column":2},"end":{"line":31,"column":null}},{"start":{"line":26,"column":2},"end":{"line":31,"column":null}}]}},"s":{"0":1,"1":3,"2":1,"3":2,"4":2,"5":1,"6":1,"7":1},"f":{"0":3},"b":{"0":[1,2],"1":[1,1]}}
,"/home/travis/build/jsau-/redux-vita/src/reducerIncrementField.ts": {"path":"/home/travis/build/jsau-/redux-vita/src/reducerIncrementField.ts","statementMap":{"0":{"start":{"line":1,"column":0},"end":{"line":1,"column":29}},"1":{"start":{"line":17,"column":2},"end":{"line":22,"column":null}},"2":{"start":{"line":18,"column":4},"end":{"line":21,"column":6}},"3":{"start":{"line":24,"column":21},"end":{"line":24,"column":44}},"4":{"start":{"line":26,"column":2},"end":{"line":31,"column":null}},"5":{"start":{"line":27,"column":4},"end":{"line":30,"column":6}},"6":{"start":{"line":33,"column":2},"end":{"line":35,"column":null}},"7":{"start":{"line":13,"column":0},"end":{"line":13,"column":16}}},"fnMap":{"0":{"name":"reducerIncrementField","decl":{"start":{"line":13,"column":16},"end":{"line":13,"column":37}},"loc":{"start":{"line":15,"column":19},"end":{"line":37,"column":1}}}},"branchMap":{"0":{"loc":{"start":{"line":17,"column":2},"end":{"line":22,"column":null}},"type":"if","locations":[{"start":{"line":17,"column":2},"end":{"line":22,"column":null}},{"start":{"line":17,"column":2},"end":{"line":22,"column":null}}]},"1":{"loc":{"start":{"line":26,"column":2},"end":{"line":31,"column":null}},"type":"if","locations":[{"start":{"line":26,"column":2},"end":{"line":31,"column":null}},{"start":{"line":26,"column":2},"end":{"line":31,"column":null}}]}},"s":{"0":1,"1":3,"2":1,"3":2,"4":2,"5":1,"6":1,"7":1},"f":{"0":3},"b":{"0":[1,2],"1":[1,1]}}
,"/home/travis/build/jsau-/redux-vita/src/reducerRemoveField.ts": {"path":"/home/travis/build/jsau-/redux-vita/src/reducerRemoveField.ts","statementMap":{"0":{"start":{"line":1,"column":0},"end":{"line":1,"column":31}},"1":{"start":{"line":15,"column":2},"end":{"line":15,"column":39}},"2":{"start":{"line":11,"column":0},"end":{"line":11,"column":16}},"3":{"start":{"line":18,"column":0},"end":{"line":18,"column":34}}},"fnMap":{"0":{"name":"reducerRemoveField","decl":{"start":{"line":11,"column":16},"end":{"line":11,"column":34}},"loc":{"start":{"line":13,"column":19},"end":{"line":16,"column":1}}}},"branchMap":{},"s":{"0":1,"1":2,"2":1,"3":1},"f":{"0":2},"b":{}}
,"/home/travis/build/jsau-/redux-vita/src/reducerRemoveManyFields.ts": {"path":"/home/travis/build/jsau-/redux-vita/src/reducerRemoveManyFields.ts","statementMap":{"0":{"start":{"line":1,"column":0},"end":{"line":1,"column":31}},"1":{"start":{"line":15,"column":2},"end":{"line":15,"column":44}},"2":{"start":{"line":11,"column":0},"end":{"line":11,"column":16}},"3":{"start":{"line":18,"column":0},"end":{"line":18,"column":39}}},"fnMap":{"0":{"name":"reducerRemoveManyFields","decl":{"start":{"line":11,"column":16},"end":{"line":11,"column":39}},"loc":{"start":{"line":13,"column":26},"end":{"line":16,"column":1}}}},"branchMap":{},"s":{"0":1,"1":2,"2":1,"3":1},"f":{"0":2},"b":{}}
,"/home/travis/build/jsau-/redux-vita/src/reducerSetField.ts": {"path":"/home/travis/build/jsau-/redux-vita/src/reducerSetField.ts","statementMap":{"0":{"start":{"line":16,"column":2},"end":{"line":18,"column":null}},"1":{"start":{"line":11,"column":0},"end":{"line":11,"column":16}}},"fnMap":{"0":{"name":"reducerSetField","decl":{"start":{"line":11,"column":16},"end":{"line":11,"column":31}},"loc":{"start":{"line":14,"column":20},"end":{"line":20,"column":1}}}},"branchMap":{},"s":{"0":2,"1":1},"f":{"0":2},"b":{}}
,"/home/travis/build/jsau-/redux-vita/src/reducerSetManyFields.ts": {"path":"/home/travis/build/jsau-/redux-vita/src/reducerSetManyFields.ts","statementMap":{"0":{"start":{"line":14,"column":2},"end":{"line":16,"column":null}},"1":{"start":{"line":10,"column":0},"end":{"line":10,"column":16}}},"fnMap":{"0":{"name":"reducerSetManyFields","decl":{"start":{"line":10,"column":16},"end":{"line":10,"column":36}},"loc":{"start":{"line":12,"column":21},"end":{"line":18,"column":1}}}},"branchMap":{},"s":{"0":3,"1":1},"f":{"0":3},"b":{}}
,"/home/travis/build/jsau-/redux-vita/src/reducerToggleBooleanField.ts": {"path":"/home/travis/build/jsau-/redux-vita/src/reducerToggleBooleanField.ts","statementMap":{"0":{"start":{"line":1,"column":0},"end":{"line":1,"column":29}},"1":{"start":{"line":17,"column":2},"end":{"line":22,"column":null}},"2":{"start":{"line":18,"column":4},"end":{"line":21,"column":6}},"3":{"start":{"line":24,"column":21},"end":{"line":24,"column":44}},"4":{"start":{"line":26,"column":2},"end":{"line":31,"column":null}},"5":{"start":{"line":27,"column":4},"end":{"line":30,"column":6}},"6":{"start":{"line":33,"column":2},"end":{"line":35,"column":null}},"7":{"start":{"line":13,"column":0},"end":{"line":13,"column":16}}},"fnMap":{"0":{"name":"reducerToggleBooleanField","decl":{"start":{"line":13,"column":16},"end":{"line":13,"column":41}},"loc":{"start":{"line":15,"column":19},"end":{"line":37,"column":1}}}},"branchMap":{"0":{"loc":{"start":{"line":17,"column":2},"end":{"line":22,"column":null}},"type":"if","locations":[{"start":{"line":17,"column":2},"end":{"line":22,"column":null}},{"start":{"line":17,"column":2},"end":{"line":22,"column":null}}]},"1":{"loc":{"start":{"line":26,"column":2},"end":{"line":31,"column":null}},"type":"if","locations":[{"start":{"line":26,"column":2},"end":{"line":31,"column":null}},{"start":{"line":26,"column":2},"end":{"line":31,"column":null}}]}},"s":{"0":1,"1":3,"2":1,"3":2,"4":2,"5":1,"6":1,"7":1},"f":{"0":3},"b":{"0":[1,2],"1":[1,1]}}
}
