TN:
SF:/home/travis/build/jsau-/redux-vita/src/Vita.ts
FN:5,(anonymous_0)
FN:14,Vita
FN:41,(anonymous_2)
FN:61,(anonymous_3)
FN:71,(anonymous_4)
FN:83,(anonymous_5)
FN:114,(anonymous_6)
FN:132,(anonymous_7)
FN:148,(anonymous_8)
FN:165,(anonymous_9)
FN:177,(anonymous_10)
FN:188,(anonymous_11)
FNF:12
FNH:12
FNDA:1,(anonymous_0)
FNDA:25,Vita
FNDA:3,(anonymous_2)
FNDA:1,(anonymous_3)
FNDA:1,(anonymous_4)
FNDA:4,(anonymous_5)
FNDA:12,(anonymous_6)
FNDA:10,(anonymous_7)
FNDA:4,(anonymous_8)
FNDA:5,(anonymous_9)
FNDA:5,(anonymous_10)
FNDA:2,(anonymous_11)
DA:2,1
DA:5,1
DA:14,47
DA:15,25
DA:17,25
DA:18,25
DA:20,25
DA:21,25
DA:22,25
DA:23,25
DA:24,25
DA:25,25
DA:26,25
DA:27,25
DA:28,25
DA:29,25
DA:41,1
DA:43,8
DA:45,3
DA:47,3
DA:48,1
DA:53,2
DA:61,1
DA:62,1
DA:63,1
DA:71,1
DA:72,1
DA:73,1
DA:83,1
DA:91,4
DA:93,4
DA:95,4
DA:98,4
DA:99,3
DA:102,1
DA:114,1
DA:116,12
DA:118,12
DA:119,12
DA:132,1
DA:133,10
DA:134,10
DA:148,1
DA:153,4
DA:154,4
DA:155,4
DA:165,1
DA:166,5
DA:167,5
DA:177,1
DA:178,5
DA:179,5
DA:188,1
DA:189,2
DA:190,2
DA:191,2
DA:193,1
LF:57
LH:57
BRDA:14,0,0,22
BRDA:14,0,1,3
BRDA:47,1,0,1
BRDA:47,1,1,2
BRDA:91,2,0,2
BRDA:91,2,1,2
BRDA:91,3,0,4
BRDA:91,3,1,4
BRDA:98,4,0,3
BRDA:98,4,1,1
BRDA:116,5,0,9
BRDA:116,5,1,3
BRDA:116,6,0,12
BRDA:116,6,1,12
BRF:14
BRH:14
end_of_record
TN:
SF:/home/travis/build/jsau-/redux-vita/src/makeActionCreator.ts
FN:11,makeActionCreator
FN:24,(anonymous_4)
FNF:2
FNH:2
FNDA:3,makeActionCreator
FNDA:2,(anonymous_4)
DA:1,2
DA:11,2
DA:20,3
DA:21,1
DA:24,6
DA:25,2
DA:27,2
DA:28,1
DA:31,2
LF:9
LH:9
BRDA:20,0,0,1
BRDA:20,0,1,2
BRDA:27,1,0,1
BRDA:27,1,1,1
BRF:4
BRH:4
end_of_record
TN:
SF:/home/travis/build/jsau-/redux-vita/src/reducerDecrementField.ts
FN:13,reducerDecrementField
FNF:1
FNH:1
FNDA:3,reducerDecrementField
DA:1,1
DA:13,1
DA:17,3
DA:18,1
DA:24,2
DA:26,2
DA:27,1
DA:33,1
LF:8
LH:8
BRDA:17,0,0,1
BRDA:17,0,1,2
BRDA:26,1,0,1
BRDA:26,1,1,1
BRF:4
BRH:4
end_of_record
TN:
SF:/home/travis/build/jsau-/redux-vita/src/reducerIncrementField.ts
FN:13,reducerIncrementField
FNF:1
FNH:1
FNDA:3,reducerIncrementField
DA:1,1
DA:13,1
DA:17,3
DA:18,1
DA:24,2
DA:26,2
DA:27,1
DA:33,1
LF:8
LH:8
BRDA:17,0,0,1
BRDA:17,0,1,2
BRDA:26,1,0,1
BRDA:26,1,1,1
BRF:4
BRH:4
end_of_record
TN:
SF:/home/travis/build/jsau-/redux-vita/src/reducerRemoveField.ts
FN:11,reducerRemoveField
FNF:1
FNH:1
FNDA:2,reducerRemoveField
DA:1,1
DA:11,1
DA:15,2
DA:18,1
LF:4
LH:4
BRF:0
BRH:0
end_of_record
TN:
SF:/home/travis/build/jsau-/redux-vita/src/reducerRemoveManyFields.ts
FN:11,reducerRemoveManyFields
FNF:1
FNH:1
FNDA:2,reducerRemoveManyFields
DA:1,1
DA:11,1
DA:15,2
DA:18,1
LF:4
LH:4
BRF:0
BRH:0
end_of_record
TN:
SF:/home/travis/build/jsau-/redux-vita/src/reducerSetField.ts
FN:11,reducerSetField
FNF:1
FNH:1
FNDA:2,reducerSetField
DA:11,1
DA:16,2
LF:2
LH:2
BRF:0
BRH:0
end_of_record
TN:
SF:/home/travis/build/jsau-/redux-vita/src/reducerSetManyFields.ts
FN:10,reducerSetManyFields
FNF:1
FNH:1
FNDA:3,reducerSetManyFields
DA:10,1
DA:14,3
LF:2
LH:2
BRF:0
BRH:0
end_of_record
TN:
SF:/home/travis/build/jsau-/redux-vita/src/reducerToggleBooleanField.ts
FN:13,reducerToggleBooleanField
FNF:1
FNH:1
FNDA:3,reducerToggleBooleanField
DA:1,1
DA:13,1
DA:17,3
DA:18,1
DA:24,2
DA:26,2
DA:27,1
DA:33,1
LF:8
LH:8
BRDA:17,0,0,1
BRDA:17,0,1,2
BRDA:26,1,0,1
BRDA:26,1,1,1
BRF:4
BRH:4
end_of_record
